<?xml version="1.0" encoding="UTF-8"?>
<testsuite name="com.au.main.LogAnalyserAppTest" tests="1" skipped="0" failures="0" errors="0" timestamp="2022-08-07T09:03:05" hostname="smanocha-macbookpro.local" time="0.013">
  <properties/>
  <testcase name="should_return_correct_results_for_input_file()" classname="com.au.main.LogAnalyserAppTest" time="0.013"/>
  <system-out><![CDATA[]]></system-out>
  <system-err><![CDATA[]]></system-err>
</testsuite>
