<?xml version="1.0" encoding="UTF-8"?>
<testsuite name="com.au.parser.HttpParserTest" tests="2" skipped="0" failures="0" errors="0" timestamp="2022-08-07T09:02:56" hostname="smanocha-macbookpro.local" time="0.002">
  <properties/>
  <testcase name="should_return_null_for_invalid_log()" classname="com.au.parser.HttpParserTest" time="0.0"/>
  <testcase name="should_parse_http_log()" classname="com.au.parser.HttpParserTest" time="0.001"/>
  <system-out><![CDATA[]]></system-out>
  <system-err><![CDATA[]]></system-err>
</testsuite>
