<?xml version="1.0" encoding="UTF-8"?>
<testsuite name="com.au.main.LogAnalyserAppTest" tests="2" skipped="0" failures="0" errors="0" timestamp="2022-08-07T09:02:56" hostname="smanocha-macbookpro.local" time="0.008">
  <properties/>
  <testcase name="test()" classname="com.au.main.LogAnalyserAppTest" time="0.006"/>
  <testcase name="should_throw_exception_when_no_arg()" classname="com.au.main.LogAnalyserAppTest" time="0.002"/>
  <system-out><![CDATA[hello
]]></system-out>
  <system-err><![CDATA[]]></system-err>
</testsuite>
