<?xml version="1.0" encoding="UTF-8"?>
<testsuite name="com.au.service.HttpLogAnalyserServiceTest" tests="4" skipped="0" failures="0" errors="0" timestamp="2022-08-07T09:02:56" hostname="smanocha-macbookpro.local" time="0.002">
  <properties/>
  <testcase name="should_return_unique_urls()" classname="com.au.service.HttpLogAnalyserServiceTest" time="0.0"/>
  <testcase name="should_return_top_urls()" classname="com.au.service.HttpLogAnalyserServiceTest" time="0.001"/>
  <testcase name="should_return_unique_ips()" classname="com.au.service.HttpLogAnalyserServiceTest" time="0.001"/>
  <testcase name="should_return_top_ips()" classname="com.au.service.HttpLogAnalyserServiceTest" time="0.0"/>
  <system-out><![CDATA[]]></system-out>
  <system-err><![CDATA[]]></system-err>
</testsuite>
